INFO 2026-04-06 16:15:15,464 utils 79333 135264911488704 Application 1617d24e-5399-4df0-8ef1-38a9bac20c5d already processed
INFO 2026-04-06 16:18:46,163 serializers 79333 135264819209920 Updating ApplicantParent with data: {'full_name': 'ebrimaporeh barry', 'email': 'barry99ebrima@gmail.com', 'phone': '+2202738367', 'alternate_phone': '+2202738367', 'address': 'Darboe Kunda', 'occupation': 'Economists', 'relationship': 'father'}
INFO 2026-04-06 16:18:46,167 serializers 79333 135264819209920 Updated ApplicantParent: email=barry99ebrima@gmail.com, full_name=ebrimaporeh barry
INFO 2026-04-06 16:21:32,512 utils 79823 132772089448128 Converting applicant barry99ebrima@gmail.com to parent role
INFO 2026-04-06 16:21:32,703 utils 79823 132772089448128 Created new student user: sansi.barry4@miia.edu
INFO 2026-04-06 16:21:32,875 utils 79823 132772089448128 Created new student user: fatima.barry@miia.edu
INFO 2026-04-06 16:21:32,876 utils 79823 132772089448128 Parent and 2 students created/updated from application feecdb70-1962-4394-a172-4690a03e16f5
INFO 2026-04-06 16:21:35,489 utils 79823 132772089448128 Application approved email sent to barry99ebrima@gmail.com
INFO 2026-04-06 21:00:12,787 serializers 4387 139837894031040 Updating ApplicantParent with data: {'full_name': 'Ebrima Barry', 'email': 'eb22124166@utg.edu.gm', 'phone': '27383673454', 'alternate_phone': '2738367', 'address': 'Wellingara', 'occupation': 'Economists', 'relationship': 'father'}
INFO 2026-04-06 21:00:12,793 serializers 4387 139837894031040 Updated ApplicantParent: email=eb22124166@utg.edu.gm, full_name=Ebrima Barry
INFO 2026-04-06 21:02:10,288 utils 4387 139837873399488 Creating new parent account with email eb22124166@utg.edu.gm
INFO 2026-04-06 21:02:10,289 utils 4387 139837873399488 Parent user already exists: eb22124166@utg.edu.gm
INFO 2026-04-06 21:02:10,291 utils 4387 139837873399488 Updated existing parent profile for eb22124166@utg.edu.gm
INFO 2026-04-06 21:02:10,531 utils 4387 139837873399488 Created new student user: sansi.barry5@miia.edu
INFO 2026-04-06 21:02:10,534 utils 4387 139837873399488 Parent and 1 students created/updated from application 23a94eb9-70e6-40db-87f0-f436e5cc84ca
INFO 2026-04-06 21:02:13,278 utils 4387 139837873399488 Application approved email sent to eb22124166@utg.edu.gm
INFO 2026-04-06 21:47:23,707 serializers 11321 130760397809344 Updating ApplicantParent with data: {'full_name': 'Ebrima Barry', 'email': 'barry99ebrima@gmail.com', 'phone': '+2202738367', 'alternate_phone': '+2202738367', 'address': 'Darboe Kunda', 'occupation': 'Economists', 'relationship': 'father'}
INFO 2026-04-06 21:47:23,713 serializers 11321 130760397809344 Updated ApplicantParent: email=barry99ebrima@gmail.com, full_name=Ebrima Barry
INFO 2026-04-06 22:07:57,397 utils 11321 130760406202048 Converting applicant barry99ebrima@gmail.com to parent role
INFO 2026-04-06 22:07:57,642 utils 11321 130760406202048 Created new student user: sansi.barry6@miia.edu
INFO 2026-04-06 22:07:57,644 utils 11321 130760406202048 Parent and 1 students created/updated from application e505928d-2786-484f-ba28-b627b8c17425
INFO 2026-04-06 22:08:01,523 utils 11321 130760406202048 Application approved email sent to barry99ebrima@gmail.com
INFO 2026-04-06 22:09:07,278 utils 11321 130760386270912 Application e505928d-2786-484f-ba28-b627b8c17425 already processed
INFO 2026-04-06 22:12:08,063 utils 11321 130760386270912 Application e505928d-2786-484f-ba28-b627b8c17425 already processed
INFO 2026-04-06 22:15:51,633 utils 11321 130760386270912 Application e505928d-2786-484f-ba28-b627b8c17425 already processed
INFO 2026-04-11 00:28:15,893 student_utils 27634 124081991046848 Enrolling student: Fugiat numquam in i Distinctio Non duci
INFO 2026-04-11 00:28:16,069 student_utils 27634 124081991046848 Created new parent user: xafeva@mailinator.com
INFO 2026-04-11 00:28:16,231 student_utils 27634 124081991046848 Created student user: fugiat numquam in i.distinctio non duci@miia.edu
ERROR 2026-04-11 00:28:16,231 student_utils 27634 124081991046848 Failed to enroll student: User has no student_profile.
Traceback (most recent call last):
  File "/home/ebrimaporeh/workspace/miiabackend/apps/accounts/utils/student_utils.py", line 290, in enroll_student
    student_profile = student_user.student_profile
                      ^^^^^^^^^^^^^^^^^^^^^^^^^^^^
  File "/home/ebrimaporeh/workspace/miiabackend/venv/lib/python3.13/site-packages/django/db/models/fields/related_descriptors.py", line 492, in __get__
    raise self.RelatedObjectDoesNotExist(
    ...<2 lines>...
    )
apps.accounts.models.User.student_profile.RelatedObjectDoesNotExist: User has no student_profile.. Did you mean: 'parent_profile'?
ERROR 2026-04-11 00:28:16,234 student_views 27634 124081991046848 Enrollment failed: User has no student_profile.
Traceback (most recent call last):
  File "/home/ebrimaporeh/workspace/miiabackend/apps/accounts/views/student_views.py", line 440, in enroll
    result = enroll_student(serializer.validated_data)
  File "/home/ebrimaporeh/workspace/miiabackend/apps/accounts/utils/student_utils.py", line 290, in enroll_student
    student_profile = student_user.student_profile
                      ^^^^^^^^^^^^^^^^^^^^^^^^^^^^
  File "/home/ebrimaporeh/workspace/miiabackend/venv/lib/python3.13/site-packages/django/db/models/fields/related_descriptors.py", line 492, in __get__
    raise self.RelatedObjectDoesNotExist(
    ...<2 lines>...
    )
apps.accounts.models.User.student_profile.RelatedObjectDoesNotExist: User has no student_profile.. Did you mean: 'parent_profile'?
INFO 2026-04-11 07:06:30,681 batch_enrollment_views 37807 127996447573696 Parent processed: john.smith@example.com (new: False)
ERROR 2026-04-11 07:06:30,855 batch_enrollment_views 37807 127996447573696 Failed to enroll student #1: User has no student_profile.
ERROR 2026-04-11 07:06:31,008 batch_enrollment_views 37807 127996447573696 Failed to enroll student #2: User has no student_profile.
ERROR 2026-04-11 07:06:31,159 batch_enrollment_views 37807 127996447573696 Failed to enroll student #3: User has no student_profile.
ERROR 2026-04-11 07:06:31,159 batch_enrollment_views 37807 127996447573696 Parent creation failed: 'Parent' object has no attribute 'id'
INFO 2026-04-11 07:12:50,349 batch_enrollment_views 38428 133410945234624 Parent processed: john.smith.parent@miia.edu (new: True)
ERROR 2026-04-11 07:12:50,507 batch_enrollment_views 38428 133410945234624 Failed to enroll student #1: User has no student_profile.
ERROR 2026-04-11 07:12:50,662 batch_enrollment_views 38428 133410945234624 Failed to enroll student #2: User has no student_profile.
ERROR 2026-04-11 07:12:50,824 batch_enrollment_views 38428 133410945234624 Failed to enroll student #3: User has no student_profile.
INFO 2026-04-11 07:18:25,124 batch_enrollment_views 38750 135137097414336 Parent processed: john.smith.parent1@miia.edu (new: True)
INFO 2026-04-11 07:18:30,322 batch_enrollment_views 38750 135137097414336 Successfully enrolled student: emma.smith@miia.edu
INFO 2026-04-11 07:18:36,764 batch_enrollment_views 38750 135137097414336 Successfully enrolled student: liam.smith@miia.edu
INFO 2026-04-11 07:18:41,677 batch_enrollment_views 38750 135137097414336 Successfully enrolled student: olivia.smith@miia.edu
INFO 2026-04-11 07:52:57,066 batch_enrollment_views 38750 135137072584384 Parent processed: numquam.saepe saepe.parent@miia.edu (new: True)
INFO 2026-04-11 07:53:00,627 batch_enrollment_views 38750 135137072584384 Successfully enrolled student: iure alias in quis a.earum suscipit eius@miia.edu
INFO 2026-04-11 08:05:03,600 batch_enrollment_views 38750 135137097414336 Parent processed: quia.voluptas perfer.parent@miia.edu (new: True)
INFO 2026-04-11 08:05:07,454 batch_enrollment_views 38750 135137097414336 Successfully enrolled student: nihil eligendi cupid.voluptas omnis totam@miia.edu
INFO 2026-04-11 08:06:46,000 batch_enrollment_views 38750 135137072584384 Parent processed: quia.voluptas perfer.parent1@miia.edu (new: True)
INFO 2026-04-11 08:06:49,972 batch_enrollment_views 38750 135137072584384 Successfully enrolled student: nihil eligendi cupid.voluptas omnis totam1@miia.edu
INFO 2026-04-11 08:07:32,868 batch_enrollment_views 38750 135137097414336 Parent processed: quia.voluptas perfer.parent2@miia.edu (new: True)
INFO 2026-04-11 08:07:36,755 batch_enrollment_views 38750 135137097414336 Successfully enrolled student: nihil eligendi cupid.voluptas omnis totam2@miia.edu
INFO 2026-04-11 08:13:36,594 batch_enrollment_views 38750 135137080977088 Parent processed: perspiciatis.consec.parent@miia.edu (new: True)
INFO 2026-04-11 08:13:42,953 batch_enrollment_views 38750 135137080977088 Successfully enrolled student: sint voluptates id c.doloribus rem non en@miia.edu
INFO 2026-04-11 08:13:49,492 batch_enrollment_views 38750 135137080977088 Successfully enrolled student: gdttr.ytryt@miia.edu
INFO 2026-04-11 08:17:20,970 batch_enrollment_views 38750 135137080977088 Parent processed: blanditiis.nihil sed.parent@miia.edu (new: True)
INFO 2026-04-11 08:17:31,186 batch_enrollment_views 38750 135137080977088 Successfully enrolled student: possimus magnam est.velit quos ut quidem@miia.edu
INFO 2026-04-11 08:17:34,668 batch_enrollment_views 38750 135137080977088 Successfully enrolled student: eiusmod maiores dolo.vel distinctio illo@miia.edu
INFO 2026-04-11 08:17:37,984 batch_enrollment_views 38750 135137080977088 Successfully enrolled student: consectetur iste ac.molestias consectetu@miia.edu
INFO 2026-04-11 08:19:44,612 batch_enrollment_views 38750 135137080977088 Parent processed: ebrima.barry.parent@miia.edu (new: True)
INFO 2026-04-11 08:19:50,349 batch_enrollment_views 38750 135137080977088 Successfully enrolled student: sansi.darboe@miia.edu
INFO 2026-04-11 08:32:06,961 batch_enrollment_views 41385 125892109002432 Parent processed: barry99ebrima@gmail.com (new: True)
INFO 2026-04-11 08:32:12,777 batch_enrollment_views 41385 125892109002432 Successfully enrolled student: sansi.bah@miia.edu
INFO 2026-04-11 13:48:27,088 batch_enrollment_views 53823 136647904589504 Parent processed: barry99ebrima@gmail.com (new: False)
INFO 2026-04-11 13:48:29,116 batch_enrollment_views 53823 136647904589504 Successfully enrolled student: qui possimus omnis.dolor ab quia quia i@miia.edu
DEBUG 2026-04-13 08:19:24,129 TiffImagePlugin 4499 128974067836608 tag: Orientation (274) - type: short (3) - value: b'\x00\x01'
DEBUG 2026-04-13 08:19:24,130 TiffImagePlugin 4499 128974067836608 tag: XResolution (282) - type: rational (5) Tag Location: 34 - Data Location: 74 - value: b'\x00\x00\x00H\x00\x00\x00\x01'
DEBUG 2026-04-13 08:19:24,130 TiffImagePlugin 4499 128974067836608 tag: YResolution (283) - type: rational (5) Tag Location: 46 - Data Location: 82 - value: b'\x00\x00\x00H\x00\x00\x00\x01'
DEBUG 2026-04-13 08:19:24,130 TiffImagePlugin 4499 128974067836608 tag: ResolutionUnit (296) - type: short (3) - value: b'\x00\x02'
DEBUG 2026-04-13 08:19:24,130 TiffImagePlugin 4499 128974067836608 tag: ExifIFD (34665) - type: long (4) - value: b'\x00\x00\x00Z'
DEBUG 2026-04-13 08:19:24,130 Image 4499 128974067836608 Importing AvifImagePlugin
DEBUG 2026-04-13 08:19:24,137 Image 4499 128974067836608 Importing BlpImagePlugin
DEBUG 2026-04-13 08:19:24,142 Image 4499 128974067836608 Importing BmpImagePlugin
DEBUG 2026-04-13 08:19:24,142 Image 4499 128974067836608 Importing BufrStubImagePlugin
DEBUG 2026-04-13 08:19:24,144 Image 4499 128974067836608 Importing CurImagePlugin
DEBUG 2026-04-13 08:19:24,145 Image 4499 128974067836608 Importing DcxImagePlugin
DEBUG 2026-04-13 08:19:24,149 Image 4499 128974067836608 Importing DdsImagePlugin
DEBUG 2026-04-13 08:19:24,156 Image 4499 128974067836608 Importing EpsImagePlugin
DEBUG 2026-04-13 08:19:24,162 Image 4499 128974067836608 Importing FitsImagePlugin
DEBUG 2026-04-13 08:19:24,164 Image 4499 128974067836608 Importing FliImagePlugin
DEBUG 2026-04-13 08:19:24,167 Image 4499 128974067836608 Importing FpxImagePlugin
DEBUG 2026-04-13 08:19:24,169 Image 4499 128974067836608 Image: failed to import FpxImagePlugin: No module named 'olefile'
DEBUG 2026-04-13 08:19:24,169 Image 4499 128974067836608 Importing FtexImagePlugin
DEBUG 2026-04-13 08:19:24,171 Image 4499 128974067836608 Importing GbrImagePlugin
DEBUG 2026-04-13 08:19:24,173 Image 4499 128974067836608 Importing GifImagePlugin
DEBUG 2026-04-13 08:19:24,173 Image 4499 128974067836608 Importing GribStubImagePlugin
DEBUG 2026-04-13 08:19:24,175 Image 4499 128974067836608 Importing Hdf5StubImagePlugin
DEBUG 2026-04-13 08:19:24,176 Image 4499 128974067836608 Importing IcnsImagePlugin
DEBUG 2026-04-13 08:19:24,195 Image 4499 128974067836608 Importing IcoImagePlugin
DEBUG 2026-04-13 08:19:24,200 Image 4499 128974067836608 Importing ImImagePlugin
DEBUG 2026-04-13 08:19:24,205 Image 4499 128974067836608 Importing ImtImagePlugin
DEBUG 2026-04-13 08:19:24,207 Image 4499 128974067836608 Importing IptcImagePlugin
DEBUG 2026-04-13 08:19:24,209 Image 4499 128974067836608 Importing JpegImagePlugin
DEBUG 2026-04-13 08:19:24,210 Image 4499 128974067836608 Importing Jpeg2KImagePlugin
DEBUG 2026-04-13 08:19:24,210 Image 4499 128974067836608 Importing McIdasImagePlugin
DEBUG 2026-04-13 08:19:24,211 Image 4499 128974067836608 Importing MicImagePlugin
DEBUG 2026-04-13 08:19:24,212 Image 4499 128974067836608 Image: failed to import MicImagePlugin: No module named 'olefile'
DEBUG 2026-04-13 08:19:24,213 Image 4499 128974067836608 Importing MpegImagePlugin
DEBUG 2026-04-13 08:19:24,215 Image 4499 128974067836608 Importing MpoImagePlugin
DEBUG 2026-04-13 08:19:24,217 Image 4499 128974067836608 Importing MspImagePlugin
DEBUG 2026-04-13 08:19:24,219 Image 4499 128974067836608 Importing PalmImagePlugin
DEBUG 2026-04-13 08:19:24,222 Image 4499 128974067836608 Importing PcdImagePlugin
DEBUG 2026-04-13 08:19:24,223 Image 4499 128974067836608 Importing PcxImagePlugin
DEBUG 2026-04-13 08:19:24,223 Image 4499 128974067836608 Importing PdfImagePlugin
DEBUG 2026-04-13 08:19:24,245 Image 4499 128974067836608 Importing PixarImagePlugin
DEBUG 2026-04-13 08:19:24,247 Image 4499 128974067836608 Importing PngImagePlugin
DEBUG 2026-04-13 08:19:24,247 Image 4499 128974067836608 Importing PpmImagePlugin
DEBUG 2026-04-13 08:19:24,247 Image 4499 128974067836608 Importing PsdImagePlugin
DEBUG 2026-04-13 08:19:24,252 Image 4499 128974067836608 Importing QoiImagePlugin
DEBUG 2026-04-13 08:19:24,257 Image 4499 128974067836608 Importing SgiImagePlugin
DEBUG 2026-04-13 08:19:24,261 Image 4499 128974067836608 Importing SpiderImagePlugin
DEBUG 2026-04-13 08:19:24,266 Image 4499 128974067836608 Importing SunImagePlugin
DEBUG 2026-04-13 08:19:24,268 Image 4499 128974067836608 Importing TgaImagePlugin
DEBUG 2026-04-13 08:19:24,272 Image 4499 128974067836608 Importing TiffImagePlugin
DEBUG 2026-04-13 08:19:24,272 Image 4499 128974067836608 Importing WebPImagePlugin
DEBUG 2026-04-13 08:19:24,280 Image 4499 128974067836608 Importing WmfImagePlugin
DEBUG 2026-04-13 08:19:24,283 Image 4499 128974067836608 Importing XbmImagePlugin
DEBUG 2026-04-13 08:19:24,285 Image 4499 128974067836608 Importing XpmImagePlugin
DEBUG 2026-04-13 08:19:24,288 Image 4499 128974067836608 Importing XVThumbImagePlugin
DEBUG 2026-04-13 15:10:54,157 Image 22389 124549611906752 Importing AvifImagePlugin
DEBUG 2026-04-13 15:10:54,159 Image 22389 124549611906752 Importing BlpImagePlugin
DEBUG 2026-04-13 15:10:54,160 Image 22389 124549611906752 Importing BmpImagePlugin
DEBUG 2026-04-13 15:10:54,160 Image 22389 124549611906752 Importing BufrStubImagePlugin
DEBUG 2026-04-13 15:10:54,160 Image 22389 124549611906752 Importing CurImagePlugin
DEBUG 2026-04-13 15:10:54,161 Image 22389 124549611906752 Importing DcxImagePlugin
DEBUG 2026-04-13 15:10:54,161 Image 22389 124549611906752 Importing DdsImagePlugin
DEBUG 2026-04-13 15:10:54,163 Image 22389 124549611906752 Importing EpsImagePlugin
DEBUG 2026-04-13 15:10:54,164 Image 22389 124549611906752 Importing FitsImagePlugin
DEBUG 2026-04-13 15:10:54,164 Image 22389 124549611906752 Importing FliImagePlugin
DEBUG 2026-04-13 15:10:54,165 Image 22389 124549611906752 Importing FpxImagePlugin
DEBUG 2026-04-13 15:10:54,165 Image 22389 124549611906752 Image: failed to import FpxImagePlugin: No module named 'olefile'
DEBUG 2026-04-13 15:10:54,165 Image 22389 124549611906752 Importing FtexImagePlugin
DEBUG 2026-04-13 15:10:54,166 Image 22389 124549611906752 Importing GbrImagePlugin
DEBUG 2026-04-13 15:10:54,166 Image 22389 124549611906752 Importing GifImagePlugin
DEBUG 2026-04-13 15:10:54,166 Image 22389 124549611906752 Importing GribStubImagePlugin
DEBUG 2026-04-13 15:10:54,166 Image 22389 124549611906752 Importing Hdf5StubImagePlugin
DEBUG 2026-04-13 15:10:54,166 Image 22389 124549611906752 Importing IcnsImagePlugin
DEBUG 2026-04-13 15:10:54,167 Image 22389 124549611906752 Importing IcoImagePlugin
DEBUG 2026-04-13 15:10:54,168 Image 22389 124549611906752 Importing ImImagePlugin
DEBUG 2026-04-13 15:10:54,169 Image 22389 124549611906752 Importing ImtImagePlugin
DEBUG 2026-04-13 15:10:54,169 Image 22389 124549611906752 Importing IptcImagePlugin
DEBUG 2026-04-13 15:10:54,170 Image 22389 124549611906752 Importing JpegImagePlugin
DEBUG 2026-04-13 15:10:54,170 Image 22389 124549611906752 Importing Jpeg2KImagePlugin
DEBUG 2026-04-13 15:10:54,170 Image 22389 124549611906752 Importing McIdasImagePlugin
DEBUG 2026-04-13 15:10:54,170 Image 22389 124549611906752 Importing MicImagePlugin
DEBUG 2026-04-13 15:10:54,170 Image 22389 124549611906752 Image: failed to import MicImagePlugin: No module named 'olefile'
DEBUG 2026-04-13 15:10:54,170 Image 22389 124549611906752 Importing MpegImagePlugin
DEBUG 2026-04-13 15:10:54,171 Image 22389 124549611906752 Importing MpoImagePlugin
DEBUG 2026-04-13 15:10:54,172 Image 22389 124549611906752 Importing MspImagePlugin
DEBUG 2026-04-13 15:10:54,172 Image 22389 124549611906752 Importing PalmImagePlugin
DEBUG 2026-04-13 15:10:54,173 Image 22389 124549611906752 Importing PcdImagePlugin
DEBUG 2026-04-13 15:10:54,173 Image 22389 124549611906752 Importing PcxImagePlugin
DEBUG 2026-04-13 15:10:54,173 Image 22389 124549611906752 Importing PdfImagePlugin
DEBUG 2026-04-13 15:10:54,177 Image 22389 124549611906752 Importing PixarImagePlugin
DEBUG 2026-04-13 15:10:54,177 Image 22389 124549611906752 Importing PngImagePlugin
DEBUG 2026-04-13 15:10:54,177 Image 22389 124549611906752 Importing PpmImagePlugin
DEBUG 2026-04-13 15:10:54,177 Image 22389 124549611906752 Importing PsdImagePlugin
DEBUG 2026-04-13 15:10:54,178 Image 22389 124549611906752 Importing QoiImagePlugin
DEBUG 2026-04-13 15:10:54,178 Image 22389 124549611906752 Importing SgiImagePlugin
DEBUG 2026-04-13 15:10:54,178 Image 22389 124549611906752 Importing SpiderImagePlugin
DEBUG 2026-04-13 15:10:54,179 Image 22389 124549611906752 Importing SunImagePlugin
DEBUG 2026-04-13 15:10:54,179 Image 22389 124549611906752 Importing TgaImagePlugin
DEBUG 2026-04-13 15:10:54,179 Image 22389 124549611906752 Importing TiffImagePlugin
DEBUG 2026-04-13 15:10:54,179 Image 22389 124549611906752 Importing WebPImagePlugin
DEBUG 2026-04-13 15:10:54,181 Image 22389 124549611906752 Importing WmfImagePlugin
DEBUG 2026-04-13 15:10:54,181 Image 22389 124549611906752 Importing XbmImagePlugin
DEBUG 2026-04-13 15:10:54,182 Image 22389 124549611906752 Importing XpmImagePlugin
DEBUG 2026-04-13 15:10:54,182 Image 22389 124549611906752 Importing XVThumbImagePlugin
INFO 2026-04-16 15:59:46,650 batch_enrollment_views 22143 128406763071168 Parent processed: barry99ebrima@gmail.com (new: False)
INFO 2026-04-16 15:59:54,568 batch_enrollment_views 22143 128406763071168 Successfully enrolled student: mariam.ceesay@miia.edu
INFO 2026-04-16 16:15:34,564 batch_enrollment_views 22143 128406763071168 Parent processed: barry99ebrima@gmail.com (new: False)
INFO 2026-04-16 16:15:37,759 batch_enrollment_views 22143 128406763071168 Successfully enrolled student: yankuba.jallow@miia.edu
INFO 2026-04-16 16:20:23,016 batch_enrollment_views 22143 128406771463872 Parent processed: dywevazaq@mailinator.com (new: True)
INFO 2026-04-16 16:20:31,684 batch_enrollment_views 22143 128406771463872 Successfully enrolled student: ipsa nulla sit fac.ut voluptatem nemo a@miia.edu
INFO 2026-04-16 16:23:45,013 batch_enrollment_views 22143 128406763071168 Parent processed: vicu@mailinator.com (new: True)
INFO 2026-04-16 16:23:50,603 batch_enrollment_views 22143 128406763071168 Successfully enrolled student: ut rerum hic illo il.et dolore aute lorem@miia.edu
DEBUG 2026-04-18 06:55:31,475 Image 24822 138630346196672 Importing AvifImagePlugin
DEBUG 2026-04-18 06:55:31,482 Image 24822 138630346196672 Importing BlpImagePlugin
DEBUG 2026-04-18 06:55:31,485 Image 24822 138630346196672 Importing BmpImagePlugin
DEBUG 2026-04-18 06:55:31,485 Image 24822 138630346196672 Importing BufrStubImagePlugin
DEBUG 2026-04-18 06:55:31,486 Image 24822 138630346196672 Importing CurImagePlugin
DEBUG 2026-04-18 06:55:31,486 Image 24822 138630346196672 Importing DcxImagePlugin
DEBUG 2026-04-18 06:55:31,488 Image 24822 138630346196672 Importing DdsImagePlugin
DEBUG 2026-04-18 06:55:31,494 Image 24822 138630346196672 Importing EpsImagePlugin
DEBUG 2026-04-18 06:55:31,496 Image 24822 138630346196672 Importing FitsImagePlugin
DEBUG 2026-04-18 06:55:31,497 Image 24822 138630346196672 Importing FliImagePlugin
DEBUG 2026-04-18 06:55:31,498 Image 24822 138630346196672 Importing FpxImagePlugin
DEBUG 2026-04-18 06:55:31,499 Image 24822 138630346196672 Image: failed to import FpxImagePlugin: No module named 'olefile'
DEBUG 2026-04-18 06:55:31,499 Image 24822 138630346196672 Importing FtexImagePlugin
DEBUG 2026-04-18 06:55:31,500 Image 24822 138630346196672 Importing GbrImagePlugin
DEBUG 2026-04-18 06:55:31,501 Image 24822 138630346196672 Importing GifImagePlugin
DEBUG 2026-04-18 06:55:31,501 Image 24822 138630346196672 Importing GribStubImagePlugin
DEBUG 2026-04-18 06:55:31,502 Image 24822 138630346196672 Importing Hdf5StubImagePlugin
DEBUG 2026-04-18 06:55:31,502 Image 24822 138630346196672 Importing IcnsImagePlugin
DEBUG 2026-04-18 06:55:31,505 Image 24822 138630346196672 Importing IcoImagePlugin
DEBUG 2026-04-18 06:55:31,507 Image 24822 138630346196672 Importing ImImagePlugin
DEBUG 2026-04-18 06:55:31,508 Image 24822 138630346196672 Importing ImtImagePlugin
DEBUG 2026-04-18 06:55:31,509 Image 24822 138630346196672 Importing IptcImagePlugin
DEBUG 2026-04-18 06:55:31,510 Image 24822 138630346196672 Importing JpegImagePlugin
DEBUG 2026-04-18 06:55:31,510 Image 24822 138630346196672 Importing Jpeg2KImagePlugin
DEBUG 2026-04-18 06:55:31,510 Image 24822 138630346196672 Importing McIdasImagePlugin
DEBUG 2026-04-18 06:55:31,510 Image 24822 138630346196672 Importing MicImagePlugin
DEBUG 2026-04-18 06:55:31,511 Image 24822 138630346196672 Image: failed to import MicImagePlugin: No module named 'olefile'
DEBUG 2026-04-18 06:55:31,511 Image 24822 138630346196672 Importing MpegImagePlugin
DEBUG 2026-04-18 06:55:31,512 Image 24822 138630346196672 Importing MpoImagePlugin
DEBUG 2026-04-18 06:55:31,515 Image 24822 138630346196672 Importing MspImagePlugin
DEBUG 2026-04-18 06:55:31,516 Image 24822 138630346196672 Importing PalmImagePlugin
DEBUG 2026-04-18 06:55:31,517 Image 24822 138630346196672 Importing PcdImagePlugin
DEBUG 2026-04-18 06:55:31,517 Image 24822 138630346196672 Importing PcxImagePlugin
DEBUG 2026-04-18 06:55:31,518 Image 24822 138630346196672 Importing PdfImagePlugin
DEBUG 2026-04-18 06:55:31,524 Image 24822 138630346196672 Importing PixarImagePlugin
DEBUG 2026-04-18 06:55:31,525 Image 24822 138630346196672 Importing PngImagePlugin
DEBUG 2026-04-18 06:55:31,525 Image 24822 138630346196672 Importing PpmImagePlugin
DEBUG 2026-04-18 06:55:31,525 Image 24822 138630346196672 Importing PsdImagePlugin
DEBUG 2026-04-18 06:55:31,525 Image 24822 138630346196672 Importing QoiImagePlugin
DEBUG 2026-04-18 06:55:31,526 Image 24822 138630346196672 Importing SgiImagePlugin
DEBUG 2026-04-18 06:55:31,526 Image 24822 138630346196672 Importing SpiderImagePlugin
DEBUG 2026-04-18 06:55:31,527 Image 24822 138630346196672 Importing SunImagePlugin
DEBUG 2026-04-18 06:55:31,527 Image 24822 138630346196672 Importing TgaImagePlugin
DEBUG 2026-04-18 06:55:31,528 Image 24822 138630346196672 Importing TiffImagePlugin
DEBUG 2026-04-18 06:55:31,528 Image 24822 138630346196672 Importing WebPImagePlugin
DEBUG 2026-04-18 06:55:31,531 Image 24822 138630346196672 Importing WmfImagePlugin
DEBUG 2026-04-18 06:55:31,531 Image 24822 138630346196672 Importing XbmImagePlugin
DEBUG 2026-04-18 06:55:31,532 Image 24822 138630346196672 Importing XpmImagePlugin
DEBUG 2026-04-18 06:55:31,532 Image 24822 138630346196672 Importing XVThumbImagePlugin
DEBUG 2026-04-18 06:57:38,264 Image 25060 126257026037440 Importing AvifImagePlugin
DEBUG 2026-04-18 06:57:38,268 Image 25060 126257026037440 Importing BlpImagePlugin
DEBUG 2026-04-18 06:57:38,271 Image 25060 126257026037440 Importing BmpImagePlugin
DEBUG 2026-04-18 06:57:38,271 Image 25060 126257026037440 Importing BufrStubImagePlugin
DEBUG 2026-04-18 06:57:38,272 Image 25060 126257026037440 Importing CurImagePlugin
DEBUG 2026-04-18 06:57:38,272 Image 25060 126257026037440 Importing DcxImagePlugin
DEBUG 2026-04-18 06:57:38,273 Image 25060 126257026037440 Importing DdsImagePlugin
DEBUG 2026-04-18 06:57:38,280 Image 25060 126257026037440 Importing EpsImagePlugin
DEBUG 2026-04-18 06:57:38,282 Image 25060 126257026037440 Importing FitsImagePlugin
DEBUG 2026-04-18 06:57:38,283 Image 25060 126257026037440 Importing FliImagePlugin
DEBUG 2026-04-18 06:57:38,283 Image 25060 126257026037440 Importing FpxImagePlugin
DEBUG 2026-04-18 06:57:38,284 Image 25060 126257026037440 Image: failed to import FpxImagePlugin: No module named 'olefile'
DEBUG 2026-04-18 06:57:38,284 Image 25060 126257026037440 Importing FtexImagePlugin
DEBUG 2026-04-18 06:57:38,285 Image 25060 126257026037440 Importing GbrImagePlugin
DEBUG 2026-04-18 06:57:38,286 Image 25060 126257026037440 Importing GifImagePlugin
DEBUG 2026-04-18 06:57:38,286 Image 25060 126257026037440 Importing GribStubImagePlugin
DEBUG 2026-04-18 06:57:38,286 Image 25060 126257026037440 Importing Hdf5StubImagePlugin
DEBUG 2026-04-18 06:57:38,287 Image 25060 126257026037440 Importing IcnsImagePlugin
DEBUG 2026-04-18 06:57:38,288 Image 25060 126257026037440 Importing IcoImagePlugin
DEBUG 2026-04-18 06:57:38,290 Image 25060 126257026037440 Importing ImImagePlugin
DEBUG 2026-04-18 06:57:38,291 Image 25060 126257026037440 Importing ImtImagePlugin
DEBUG 2026-04-18 06:57:38,291 Image 25060 126257026037440 Importing IptcImagePlugin
DEBUG 2026-04-18 06:57:38,292 Image 25060 126257026037440 Importing JpegImagePlugin
DEBUG 2026-04-18 06:57:38,292 Image 25060 126257026037440 Importing Jpeg2KImagePlugin
DEBUG 2026-04-18 06:57:38,292 Image 25060 126257026037440 Importing McIdasImagePlugin
DEBUG 2026-04-18 06:57:38,293 Image 25060 126257026037440 Importing MicImagePlugin
DEBUG 2026-04-18 06:57:38,293 Image 25060 126257026037440 Image: failed to import MicImagePlugin: No module named 'olefile'
DEBUG 2026-04-18 06:57:38,293 Image 25060 126257026037440 Importing MpegImagePlugin
DEBUG 2026-04-18 06:57:38,294 Image 25060 126257026037440 Importing MpoImagePlugin
DEBUG 2026-04-18 06:57:38,297 Image 25060 126257026037440 Importing MspImagePlugin
DEBUG 2026-04-18 06:57:38,297 Image 25060 126257026037440 Importing PalmImagePlugin
DEBUG 2026-04-18 06:57:38,298 Image 25060 126257026037440 Importing PcdImagePlugin
DEBUG 2026-04-18 06:57:38,299 Image 25060 126257026037440 Importing PcxImagePlugin
DEBUG 2026-04-18 06:57:38,299 Image 25060 126257026037440 Importing PdfImagePlugin
DEBUG 2026-04-18 06:57:38,305 Image 25060 126257026037440 Importing PixarImagePlugin
DEBUG 2026-04-18 06:57:38,305 Image 25060 126257026037440 Importing PngImagePlugin
DEBUG 2026-04-18 06:57:38,305 Image 25060 126257026037440 Importing PpmImagePlugin
DEBUG 2026-04-18 06:57:38,305 Image 25060 126257026037440 Importing PsdImagePlugin
DEBUG 2026-04-18 06:57:38,306 Image 25060 126257026037440 Importing QoiImagePlugin
DEBUG 2026-04-18 06:57:38,306 Image 25060 126257026037440 Importing SgiImagePlugin
DEBUG 2026-04-18 06:57:38,306 Image 25060 126257026037440 Importing SpiderImagePlugin
DEBUG 2026-04-18 06:57:38,307 Image 25060 126257026037440 Importing SunImagePlugin
DEBUG 2026-04-18 06:57:38,307 Image 25060 126257026037440 Importing TgaImagePlugin
DEBUG 2026-04-18 06:57:38,307 Image 25060 126257026037440 Importing TiffImagePlugin
DEBUG 2026-04-18 06:57:38,307 Image 25060 126257026037440 Importing WebPImagePlugin
DEBUG 2026-04-18 06:57:38,308 Image 25060 126257026037440 Importing WmfImagePlugin
DEBUG 2026-04-18 06:57:38,309 Image 25060 126257026037440 Importing XbmImagePlugin
DEBUG 2026-04-18 06:57:38,309 Image 25060 126257026037440 Importing XpmImagePlugin
DEBUG 2026-04-18 06:57:38,310 Image 25060 126257026037440 Importing XVThumbImagePlugin
DEBUG 2026-04-18 06:59:20,157 Image 25124 138087117092544 Importing AvifImagePlugin
DEBUG 2026-04-18 06:59:20,161 Image 25124 138087117092544 Importing BlpImagePlugin
DEBUG 2026-04-18 06:59:20,164 Image 25124 138087117092544 Importing BmpImagePlugin
DEBUG 2026-04-18 06:59:20,164 Image 25124 138087117092544 Importing BufrStubImagePlugin
DEBUG 2026-04-18 06:59:20,165 Image 25124 138087117092544 Importing CurImagePlugin
DEBUG 2026-04-18 06:59:20,165 Image 25124 138087117092544 Importing DcxImagePlugin
DEBUG 2026-04-18 06:59:20,166 Image 25124 138087117092544 Importing DdsImagePlugin
DEBUG 2026-04-18 06:59:20,173 Image 25124 138087117092544 Importing EpsImagePlugin
DEBUG 2026-04-18 06:59:20,174 Image 25124 138087117092544 Importing FitsImagePlugin
DEBUG 2026-04-18 06:59:20,175 Image 25124 138087117092544 Importing FliImagePlugin
DEBUG 2026-04-18 06:59:20,176 Image 25124 138087117092544 Importing FpxImagePlugin
DEBUG 2026-04-18 06:59:20,176 Image 25124 138087117092544 Image: failed to import FpxImagePlugin: No module named 'olefile'
DEBUG 2026-04-18 06:59:20,176 Image 25124 138087117092544 Importing FtexImagePlugin
DEBUG 2026-04-18 06:59:20,177 Image 25124 138087117092544 Importing GbrImagePlugin
DEBUG 2026-04-18 06:59:20,177 Image 25124 138087117092544 Importing GifImagePlugin
DEBUG 2026-04-18 06:59:20,178 Image 25124 138087117092544 Importing GribStubImagePlugin
DEBUG 2026-04-18 06:59:20,178 Image 25124 138087117092544 Importing Hdf5StubImagePlugin
DEBUG 2026-04-18 06:59:20,179 Image 25124 138087117092544 Importing IcnsImagePlugin
DEBUG 2026-04-18 06:59:20,180 Image 25124 138087117092544 Importing IcoImagePlugin
DEBUG 2026-04-18 06:59:20,182 Image 25124 138087117092544 Importing ImImagePlugin
DEBUG 2026-04-18 06:59:20,183 Image 25124 138087117092544 Importing ImtImagePlugin
DEBUG 2026-04-18 06:59:20,184 Image 25124 138087117092544 Importing IptcImagePlugin
DEBUG 2026-04-18 06:59:20,185 Image 25124 138087117092544 Importing JpegImagePlugin
DEBUG 2026-04-18 06:59:20,185 Image 25124 138087117092544 Importing Jpeg2KImagePlugin
DEBUG 2026-04-18 06:59:20,185 Image 25124 138087117092544 Importing McIdasImagePlugin
DEBUG 2026-04-18 06:59:20,185 Image 25124 138087117092544 Importing MicImagePlugin
DEBUG 2026-04-18 06:59:20,186 Image 25124 138087117092544 Image: failed to import MicImagePlugin: No module named 'olefile'
DEBUG 2026-04-18 06:59:20,186 Image 25124 138087117092544 Importing MpegImagePlugin
DEBUG 2026-04-18 06:59:20,187 Image 25124 138087117092544 Importing MpoImagePlugin
DEBUG 2026-04-18 06:59:20,189 Image 25124 138087117092544 Importing MspImagePlugin
DEBUG 2026-04-18 06:59:20,190 Image 25124 138087117092544 Importing PalmImagePlugin
DEBUG 2026-04-18 06:59:20,191 Image 25124 138087117092544 Importing PcdImagePlugin
DEBUG 2026-04-18 06:59:20,191 Image 25124 138087117092544 Importing PcxImagePlugin
DEBUG 2026-04-18 06:59:20,191 Image 25124 138087117092544 Importing PdfImagePlugin
DEBUG 2026-04-18 06:59:20,197 Image 25124 138087117092544 Importing PixarImagePlugin
DEBUG 2026-04-18 06:59:20,197 Image 25124 138087117092544 Importing PngImagePlugin
DEBUG 2026-04-18 06:59:20,197 Image 25124 138087117092544 Importing PpmImagePlugin
DEBUG 2026-04-18 06:59:20,197 Image 25124 138087117092544 Importing PsdImagePlugin
DEBUG 2026-04-18 06:59:20,198 Image 25124 138087117092544 Importing QoiImagePlugin
DEBUG 2026-04-18 06:59:20,198 Image 25124 138087117092544 Importing SgiImagePlugin
DEBUG 2026-04-18 06:59:20,198 Image 25124 138087117092544 Importing SpiderImagePlugin
DEBUG 2026-04-18 06:59:20,199 Image 25124 138087117092544 Importing SunImagePlugin
DEBUG 2026-04-18 06:59:20,199 Image 25124 138087117092544 Importing TgaImagePlugin
DEBUG 2026-04-18 06:59:20,199 Image 25124 138087117092544 Importing TiffImagePlugin
DEBUG 2026-04-18 06:59:20,199 Image 25124 138087117092544 Importing WebPImagePlugin
DEBUG 2026-04-18 06:59:20,200 Image 25124 138087117092544 Importing WmfImagePlugin
DEBUG 2026-04-18 06:59:20,200 Image 25124 138087117092544 Importing XbmImagePlugin
DEBUG 2026-04-18 06:59:20,201 Image 25124 138087117092544 Importing XpmImagePlugin
DEBUG 2026-04-18 06:59:20,202 Image 25124 138087117092544 Importing XVThumbImagePlugin
DEBUG 2026-04-18 07:07:32,297 Image 25505 127550847186624 Importing AvifImagePlugin
DEBUG 2026-04-18 07:07:32,301 Image 25505 127550847186624 Importing BlpImagePlugin
DEBUG 2026-04-18 07:07:32,303 Image 25505 127550847186624 Importing BmpImagePlugin
DEBUG 2026-04-18 07:07:32,303 Image 25505 127550847186624 Importing BufrStubImagePlugin
DEBUG 2026-04-18 07:07:32,304 Image 25505 127550847186624 Importing CurImagePlugin
DEBUG 2026-04-18 07:07:32,304 Image 25505 127550847186624 Importing DcxImagePlugin
DEBUG 2026-04-18 07:07:32,305 Image 25505 127550847186624 Importing DdsImagePlugin
DEBUG 2026-04-18 07:07:32,311 Image 25505 127550847186624 Importing EpsImagePlugin
DEBUG 2026-04-18 07:07:32,313 Image 25505 127550847186624 Importing FitsImagePlugin
DEBUG 2026-04-18 07:07:32,313 Image 25505 127550847186624 Importing FliImagePlugin
DEBUG 2026-04-18 07:07:32,314 Image 25505 127550847186624 Importing FpxImagePlugin
DEBUG 2026-04-18 07:07:32,315 Image 25505 127550847186624 Image: failed to import FpxImagePlugin: No module named 'olefile'
DEBUG 2026-04-18 07:07:32,315 Image 25505 127550847186624 Importing FtexImagePlugin
DEBUG 2026-04-18 07:07:32,315 Image 25505 127550847186624 Importing GbrImagePlugin
DEBUG 2026-04-18 07:07:32,316 Image 25505 127550847186624 Importing GifImagePlugin
DEBUG 2026-04-18 07:07:32,316 Image 25505 127550847186624 Importing GribStubImagePlugin
DEBUG 2026-04-18 07:07:32,316 Image 25505 127550847186624 Importing Hdf5StubImagePlugin
DEBUG 2026-04-18 07:07:32,317 Image 25505 127550847186624 Importing IcnsImagePlugin
DEBUG 2026-04-18 07:07:32,319 Image 25505 127550847186624 Importing IcoImagePlugin
DEBUG 2026-04-18 07:07:32,321 Image 25505 127550847186624 Importing ImImagePlugin
DEBUG 2026-04-18 07:07:32,322 Image 25505 127550847186624 Importing ImtImagePlugin
DEBUG 2026-04-18 07:07:32,322 Image 25505 127550847186624 Importing IptcImagePlugin
DEBUG 2026-04-18 07:07:32,323 Image 25505 127550847186624 Importing JpegImagePlugin
DEBUG 2026-04-18 07:07:32,323 Image 25505 127550847186624 Importing Jpeg2KImagePlugin
DEBUG 2026-04-18 07:07:32,323 Image 25505 127550847186624 Importing McIdasImagePlugin
DEBUG 2026-04-18 07:07:32,324 Image 25505 127550847186624 Importing MicImagePlugin
DEBUG 2026-04-18 07:07:32,324 Image 25505 127550847186624 Image: failed to import MicImagePlugin: No module named 'olefile'
DEBUG 2026-04-18 07:07:32,324 Image 25505 127550847186624 Importing MpegImagePlugin
DEBUG 2026-04-18 07:07:32,325 Image 25505 127550847186624 Importing MpoImagePlugin
DEBUG 2026-04-18 07:07:32,327 Image 25505 127550847186624 Importing MspImagePlugin
DEBUG 2026-04-18 07:07:32,328 Image 25505 127550847186624 Importing PalmImagePlugin
DEBUG 2026-04-18 07:07:32,329 Image 25505 127550847186624 Importing PcdImagePlugin
DEBUG 2026-04-18 07:07:32,329 Image 25505 127550847186624 Importing PcxImagePlugin
DEBUG 2026-04-18 07:07:32,329 Image 25505 127550847186624 Importing PdfImagePlugin
DEBUG 2026-04-18 07:07:32,335 Image 25505 127550847186624 Importing PixarImagePlugin
DEBUG 2026-04-18 07:07:32,336 Image 25505 127550847186624 Importing PngImagePlugin
DEBUG 2026-04-18 07:07:32,336 Image 25505 127550847186624 Importing PpmImagePlugin
DEBUG 2026-04-18 07:07:32,336 Image 25505 127550847186624 Importing PsdImagePlugin
DEBUG 2026-04-18 07:07:32,336 Image 25505 127550847186624 Importing QoiImagePlugin
DEBUG 2026-04-18 07:07:32,337 Image 25505 127550847186624 Importing SgiImagePlugin
DEBUG 2026-04-18 07:07:32,337 Image 25505 127550847186624 Importing SpiderImagePlugin
DEBUG 2026-04-18 07:07:32,337 Image 25505 127550847186624 Importing SunImagePlugin
DEBUG 2026-04-18 07:07:32,338 Image 25505 127550847186624 Importing TgaImagePlugin
DEBUG 2026-04-18 07:07:32,338 Image 25505 127550847186624 Importing TiffImagePlugin
DEBUG 2026-04-18 07:07:32,338 Image 25505 127550847186624 Importing WebPImagePlugin
DEBUG 2026-04-18 07:07:32,339 Image 25505 127550847186624 Importing WmfImagePlugin
DEBUG 2026-04-18 07:07:32,339 Image 25505 127550847186624 Importing XbmImagePlugin
DEBUG 2026-04-18 07:07:32,340 Image 25505 127550847186624 Importing XpmImagePlugin
DEBUG 2026-04-18 07:07:32,340 Image 25505 127550847186624 Importing XVThumbImagePlugin
DEBUG 2026-04-18 07:57:08,802 Image 27895 132085219739328 Importing AvifImagePlugin
DEBUG 2026-04-18 07:57:08,807 Image 27895 132085219739328 Importing BlpImagePlugin
DEBUG 2026-04-18 07:57:08,810 Image 27895 132085219739328 Importing BmpImagePlugin
DEBUG 2026-04-18 07:57:08,810 Image 27895 132085219739328 Importing BufrStubImagePlugin
DEBUG 2026-04-18 07:57:08,811 Image 27895 132085219739328 Importing CurImagePlugin
DEBUG 2026-04-18 07:57:08,812 Image 27895 132085219739328 Importing DcxImagePlugin
DEBUG 2026-04-18 07:57:08,814 Image 27895 132085219739328 Importing DdsImagePlugin
DEBUG 2026-04-18 07:57:08,822 Image 27895 132085219739328 Importing EpsImagePlugin
DEBUG 2026-04-18 07:57:08,824 Image 27895 132085219739328 Importing FitsImagePlugin
DEBUG 2026-04-18 07:57:08,825 Image 27895 132085219739328 Importing FliImagePlugin
DEBUG 2026-04-18 07:57:08,826 Image 27895 132085219739328 Importing FpxImagePlugin
DEBUG 2026-04-18 07:57:08,827 Image 27895 132085219739328 Image: failed to import FpxImagePlugin: No module named 'olefile'
DEBUG 2026-04-18 07:57:08,827 Image 27895 132085219739328 Importing FtexImagePlugin
DEBUG 2026-04-18 07:57:08,828 Image 27895 132085219739328 Importing GbrImagePlugin
DEBUG 2026-04-18 07:57:08,829 Image 27895 132085219739328 Importing GifImagePlugin
DEBUG 2026-04-18 07:57:08,830 Image 27895 132085219739328 Importing GribStubImagePlugin
DEBUG 2026-04-18 07:57:08,831 Image 27895 132085219739328 Importing Hdf5StubImagePlugin
DEBUG 2026-04-18 07:57:08,832 Image 27895 132085219739328 Importing IcnsImagePlugin
DEBUG 2026-04-18 07:57:08,834 Image 27895 132085219739328 Importing IcoImagePlugin
DEBUG 2026-04-18 07:57:08,836 Image 27895 132085219739328 Importing ImImagePlugin
DEBUG 2026-04-18 07:57:08,838 Image 27895 132085219739328 Importing ImtImagePlugin
DEBUG 2026-04-18 07:57:08,839 Image 27895 132085219739328 Importing IptcImagePlugin
DEBUG 2026-04-18 07:57:08,839 Image 27895 132085219739328 Importing JpegImagePlugin
DEBUG 2026-04-18 07:57:08,839 Image 27895 132085219739328 Importing Jpeg2KImagePlugin
DEBUG 2026-04-18 07:57:08,839 Image 27895 132085219739328 Importing McIdasImagePlugin
DEBUG 2026-04-18 07:57:08,840 Image 27895 132085219739328 Importing MicImagePlugin
DEBUG 2026-04-18 07:57:08,841 Image 27895 132085219739328 Image: failed to import MicImagePlugin: No module named 'olefile'
DEBUG 2026-04-18 07:57:08,841 Image 27895 132085219739328 Importing MpegImagePlugin
DEBUG 2026-04-18 07:57:08,842 Image 27895 132085219739328 Importing MpoImagePlugin
DEBUG 2026-04-18 07:57:08,844 Image 27895 132085219739328 Importing MspImagePlugin
DEBUG 2026-04-18 07:57:08,845 Image 27895 132085219739328 Importing PalmImagePlugin
DEBUG 2026-04-18 07:57:08,846 Image 27895 132085219739328 Importing PcdImagePlugin
DEBUG 2026-04-18 07:57:08,847 Image 27895 132085219739328 Importing PcxImagePlugin
DEBUG 2026-04-18 07:57:08,847 Image 27895 132085219739328 Importing PdfImagePlugin
DEBUG 2026-04-18 07:57:08,853 Image 27895 132085219739328 Importing PixarImagePlugin
DEBUG 2026-04-18 07:57:08,854 Image 27895 132085219739328 Importing PngImagePlugin
DEBUG 2026-04-18 07:57:08,854 Image 27895 132085219739328 Importing PpmImagePlugin
DEBUG 2026-04-18 07:57:08,855 Image 27895 132085219739328 Importing PsdImagePlugin
DEBUG 2026-04-18 07:57:08,855 Image 27895 132085219739328 Importing QoiImagePlugin
DEBUG 2026-04-18 07:57:08,856 Image 27895 132085219739328 Importing SgiImagePlugin
DEBUG 2026-04-18 07:57:08,857 Image 27895 132085219739328 Importing SpiderImagePlugin
DEBUG 2026-04-18 07:57:08,858 Image 27895 132085219739328 Importing SunImagePlugin
DEBUG 2026-04-18 07:57:08,858 Image 27895 132085219739328 Importing TgaImagePlugin
DEBUG 2026-04-18 07:57:08,859 Image 27895 132085219739328 Importing TiffImagePlugin
DEBUG 2026-04-18 07:57:08,859 Image 27895 132085219739328 Importing WebPImagePlugin
DEBUG 2026-04-18 07:57:08,861 Image 27895 132085219739328 Importing WmfImagePlugin
DEBUG 2026-04-18 07:57:08,862 Image 27895 132085219739328 Importing XbmImagePlugin
DEBUG 2026-04-18 07:57:08,863 Image 27895 132085219739328 Importing XpmImagePlugin
DEBUG 2026-04-18 07:57:08,864 Image 27895 132085219739328 Importing XVThumbImagePlugin
DEBUG 2026-04-18 08:18:13,001 Image 29723 124142693119680 Importing AvifImagePlugin
DEBUG 2026-04-18 08:18:13,005 Image 29723 124142693119680 Importing BlpImagePlugin
DEBUG 2026-04-18 08:18:13,007 Image 29723 124142693119680 Importing BmpImagePlugin
DEBUG 2026-04-18 08:18:13,007 Image 29723 124142693119680 Importing BufrStubImagePlugin
DEBUG 2026-04-18 08:18:13,008 Image 29723 124142693119680 Importing CurImagePlugin
DEBUG 2026-04-18 08:18:13,008 Image 29723 124142693119680 Importing DcxImagePlugin
DEBUG 2026-04-18 08:18:13,009 Image 29723 124142693119680 Importing DdsImagePlugin
DEBUG 2026-04-18 08:18:13,017 Image 29723 124142693119680 Importing EpsImagePlugin
DEBUG 2026-04-18 08:18:13,018 Image 29723 124142693119680 Importing FitsImagePlugin
DEBUG 2026-04-18 08:18:13,019 Image 29723 124142693119680 Importing FliImagePlugin
DEBUG 2026-04-18 08:18:13,020 Image 29723 124142693119680 Importing FpxImagePlugin
DEBUG 2026-04-18 08:18:13,020 Image 29723 124142693119680 Image: failed to import FpxImagePlugin: No module named 'olefile'
DEBUG 2026-04-18 08:18:13,021 Image 29723 124142693119680 Importing FtexImagePlugin
DEBUG 2026-04-18 08:18:13,021 Image 29723 124142693119680 Importing GbrImagePlugin
DEBUG 2026-04-18 08:18:13,022 Image 29723 124142693119680 Importing GifImagePlugin
DEBUG 2026-04-18 08:18:13,022 Image 29723 124142693119680 Importing GribStubImagePlugin
DEBUG 2026-04-18 08:18:13,023 Image 29723 124142693119680 Importing Hdf5StubImagePlugin
DEBUG 2026-04-18 08:18:13,023 Image 29723 124142693119680 Importing IcnsImagePlugin
DEBUG 2026-04-18 08:18:13,025 Image 29723 124142693119680 Importing IcoImagePlugin
DEBUG 2026-04-18 08:18:13,027 Image 29723 124142693119680 Importing ImImagePlugin
DEBUG 2026-04-18 08:18:13,028 Image 29723 124142693119680 Importing ImtImagePlugin
DEBUG 2026-04-18 08:18:13,029 Image 29723 124142693119680 Importing IptcImagePlugin
DEBUG 2026-04-18 08:18:13,029 Image 29723 124142693119680 Importing JpegImagePlugin
DEBUG 2026-04-18 08:18:13,030 Image 29723 124142693119680 Importing Jpeg2KImagePlugin
DEBUG 2026-04-18 08:18:13,030 Image 29723 124142693119680 Importing McIdasImagePlugin
DEBUG 2026-04-18 08:18:13,030 Image 29723 124142693119680 Importing MicImagePlugin
DEBUG 2026-04-18 08:18:13,031 Image 29723 124142693119680 Image: failed to import MicImagePlugin: No module named 'olefile'
DEBUG 2026-04-18 08:18:13,031 Image 29723 124142693119680 Importing MpegImagePlugin
DEBUG 2026-04-18 08:18:13,032 Image 29723 124142693119680 Importing MpoImagePlugin
DEBUG 2026-04-18 08:18:13,035 Image 29723 124142693119680 Importing MspImagePlugin
DEBUG 2026-04-18 08:18:13,036 Image 29723 124142693119680 Importing PalmImagePlugin
DEBUG 2026-04-18 08:18:13,036 Image 29723 124142693119680 Importing PcdImagePlugin
DEBUG 2026-04-18 08:18:13,037 Image 29723 124142693119680 Importing PcxImagePlugin
DEBUG 2026-04-18 08:18:13,037 Image 29723 124142693119680 Importing PdfImagePlugin
DEBUG 2026-04-18 08:18:13,044 Image 29723 124142693119680 Importing PixarImagePlugin
DEBUG 2026-04-18 08:18:13,044 Image 29723 124142693119680 Importing PngImagePlugin
DEBUG 2026-04-18 08:18:13,044 Image 29723 124142693119680 Importing PpmImagePlugin
DEBUG 2026-04-18 08:18:13,044 Image 29723 124142693119680 Importing PsdImagePlugin
DEBUG 2026-04-18 08:18:13,045 Image 29723 124142693119680 Importing QoiImagePlugin
DEBUG 2026-04-18 08:18:13,045 Image 29723 124142693119680 Importing SgiImagePlugin
DEBUG 2026-04-18 08:18:13,046 Image 29723 124142693119680 Importing SpiderImagePlugin
DEBUG 2026-04-18 08:18:13,047 Image 29723 124142693119680 Importing SunImagePlugin
DEBUG 2026-04-18 08:18:13,047 Image 29723 124142693119680 Importing TgaImagePlugin
DEBUG 2026-04-18 08:18:13,047 Image 29723 124142693119680 Importing TiffImagePlugin
DEBUG 2026-04-18 08:18:13,047 Image 29723 124142693119680 Importing WebPImagePlugin
DEBUG 2026-04-18 08:18:13,048 Image 29723 124142693119680 Importing WmfImagePlugin
DEBUG 2026-04-18 08:18:13,049 Image 29723 124142693119680 Importing XbmImagePlugin
DEBUG 2026-04-18 08:18:13,050 Image 29723 124142693119680 Importing XpmImagePlugin
DEBUG 2026-04-18 08:18:13,050 Image 29723 124142693119680 Importing XVThumbImagePlugin
DEBUG 2026-04-18 09:30:16,253 Image 31447 131020921763520 Importing AvifImagePlugin
DEBUG 2026-04-18 09:30:16,255 Image 31447 131020921763520 Importing BlpImagePlugin
DEBUG 2026-04-18 09:30:16,256 Image 31447 131020921763520 Importing BmpImagePlugin
DEBUG 2026-04-18 09:30:16,256 Image 31447 131020921763520 Importing BufrStubImagePlugin
DEBUG 2026-04-18 09:30:16,257 Image 31447 131020921763520 Importing CurImagePlugin
DEBUG 2026-04-18 09:30:16,257 Image 31447 131020921763520 Importing DcxImagePlugin
DEBUG 2026-04-18 09:30:16,257 Image 31447 131020921763520 Importing DdsImagePlugin
DEBUG 2026-04-18 09:30:16,261 Image 31447 131020921763520 Importing EpsImagePlugin
DEBUG 2026-04-18 09:30:16,262 Image 31447 131020921763520 Importing FitsImagePlugin
DEBUG 2026-04-18 09:30:16,262 Image 31447 131020921763520 Importing FliImagePlugin
DEBUG 2026-04-18 09:30:16,262 Image 31447 131020921763520 Importing FpxImagePlugin
DEBUG 2026-04-18 09:30:16,263 Image 31447 131020921763520 Image: failed to import FpxImagePlugin: No module named 'olefile'
DEBUG 2026-04-18 09:30:16,263 Image 31447 131020921763520 Importing FtexImagePlugin
DEBUG 2026-04-18 09:30:16,263 Image 31447 131020921763520 Importing GbrImagePlugin
DEBUG 2026-04-18 09:30:16,263 Image 31447 131020921763520 Importing GifImagePlugin
DEBUG 2026-04-18 09:30:16,264 Image 31447 131020921763520 Importing GribStubImagePlugin
DEBUG 2026-04-18 09:30:16,264 Image 31447 131020921763520 Importing Hdf5StubImagePlugin
DEBUG 2026-04-18 09:30:16,264 Image 31447 131020921763520 Importing IcnsImagePlugin
DEBUG 2026-04-18 09:30:16,265 Image 31447 131020921763520 Importing IcoImagePlugin
DEBUG 2026-04-18 09:30:16,266 Image 31447 131020921763520 Importing ImImagePlugin
DEBUG 2026-04-18 09:30:16,268 Image 31447 131020921763520 Importing ImtImagePlugin
DEBUG 2026-04-18 09:30:16,268 Image 31447 131020921763520 Importing IptcImagePlugin
DEBUG 2026-04-18 09:30:16,269 Image 31447 131020921763520 Importing JpegImagePlugin
DEBUG 2026-04-18 09:30:16,269 Image 31447 131020921763520 Importing Jpeg2KImagePlugin
DEBUG 2026-04-18 09:30:16,269 Image 31447 131020921763520 Importing McIdasImagePlugin
DEBUG 2026-04-18 09:30:16,269 Image 31447 131020921763520 Importing MicImagePlugin
DEBUG 2026-04-18 09:30:16,269 Image 31447 131020921763520 Image: failed to import MicImagePlugin: No module named 'olefile'
DEBUG 2026-04-18 09:30:16,269 Image 31447 131020921763520 Importing MpegImagePlugin
DEBUG 2026-04-18 09:30:16,270 Image 31447 131020921763520 Importing MpoImagePlugin
DEBUG 2026-04-18 09:30:16,272 Image 31447 131020921763520 Importing MspImagePlugin
DEBUG 2026-04-18 09:30:16,272 Image 31447 131020921763520 Importing PalmImagePlugin
DEBUG 2026-04-18 09:30:16,273 Image 31447 131020921763520 Importing PcdImagePlugin
DEBUG 2026-04-18 09:30:16,273 Image 31447 131020921763520 Importing PcxImagePlugin
DEBUG 2026-04-18 09:30:16,273 Image 31447 131020921763520 Importing PdfImagePlugin
DEBUG 2026-04-18 09:30:16,282 Image 31447 131020921763520 Importing PixarImagePlugin
DEBUG 2026-04-18 09:30:16,282 Image 31447 131020921763520 Importing PngImagePlugin
DEBUG 2026-04-18 09:30:16,282 Image 31447 131020921763520 Importing PpmImagePlugin
DEBUG 2026-04-18 09:30:16,283 Image 31447 131020921763520 Importing PsdImagePlugin
DEBUG 2026-04-18 09:30:16,283 Image 31447 131020921763520 Importing QoiImagePlugin
DEBUG 2026-04-18 09:30:16,283 Image 31447 131020921763520 Importing SgiImagePlugin
DEBUG 2026-04-18 09:30:16,283 Image 31447 131020921763520 Importing SpiderImagePlugin
DEBUG 2026-04-18 09:30:16,284 Image 31447 131020921763520 Importing SunImagePlugin
DEBUG 2026-04-18 09:30:16,284 Image 31447 131020921763520 Importing TgaImagePlugin
DEBUG 2026-04-18 09:30:16,284 Image 31447 131020921763520 Importing TiffImagePlugin
DEBUG 2026-04-18 09:30:16,284 Image 31447 131020921763520 Importing WebPImagePlugin
DEBUG 2026-04-18 09:30:16,285 Image 31447 131020921763520 Importing WmfImagePlugin
DEBUG 2026-04-18 09:30:16,286 Image 31447 131020921763520 Importing XbmImagePlugin
DEBUG 2026-04-18 09:30:16,286 Image 31447 131020921763520 Importing XpmImagePlugin
DEBUG 2026-04-18 09:30:16,287 Image 31447 131020921763520 Importing XVThumbImagePlugin
DEBUG 2026-04-18 12:14:46,127 Image 36473 135100591232704 Importing AvifImagePlugin
DEBUG 2026-04-18 12:14:46,129 Image 36473 135100591232704 Importing BlpImagePlugin
DEBUG 2026-04-18 12:14:46,129 Image 36473 135100591232704 Importing BmpImagePlugin
DEBUG 2026-04-18 12:14:46,129 Image 36473 135100591232704 Importing BufrStubImagePlugin
DEBUG 2026-04-18 12:14:46,130 Image 36473 135100591232704 Importing CurImagePlugin
DEBUG 2026-04-18 12:14:46,130 Image 36473 135100591232704 Importing DcxImagePlugin
DEBUG 2026-04-18 12:14:46,130 Image 36473 135100591232704 Importing DdsImagePlugin
DEBUG 2026-04-18 12:14:46,132 Image 36473 135100591232704 Importing EpsImagePlugin
DEBUG 2026-04-18 12:14:46,132 Image 36473 135100591232704 Importing FitsImagePlugin
DEBUG 2026-04-18 12:14:46,133 Image 36473 135100591232704 Importing FliImagePlugin
DEBUG 2026-04-18 12:14:46,133 Image 36473 135100591232704 Importing FpxImagePlugin
DEBUG 2026-04-18 12:14:46,133 Image 36473 135100591232704 Image: failed to import FpxImagePlugin: No module named 'olefile'
DEBUG 2026-04-18 12:14:46,133 Image 36473 135100591232704 Importing FtexImagePlugin
DEBUG 2026-04-18 12:14:46,133 Image 36473 135100591232704 Importing GbrImagePlugin
DEBUG 2026-04-18 12:14:46,134 Image 36473 135100591232704 Importing GifImagePlugin
DEBUG 2026-04-18 12:14:46,134 Image 36473 135100591232704 Importing GribStubImagePlugin
DEBUG 2026-04-18 12:14:46,134 Image 36473 135100591232704 Importing Hdf5StubImagePlugin
DEBUG 2026-04-18 12:14:46,134 Image 36473 135100591232704 Importing IcnsImagePlugin
DEBUG 2026-04-18 12:14:46,135 Image 36473 135100591232704 Importing IcoImagePlugin
DEBUG 2026-04-18 12:14:46,135 Image 36473 135100591232704 Importing ImImagePlugin
DEBUG 2026-04-18 12:14:46,136 Image 36473 135100591232704 Importing ImtImagePlugin
DEBUG 2026-04-18 12:14:46,136 Image 36473 135100591232704 Importing IptcImagePlugin
DEBUG 2026-04-18 12:14:46,136 Image 36473 135100591232704 Importing JpegImagePlugin
DEBUG 2026-04-18 12:14:46,136 Image 36473 135100591232704 Importing Jpeg2KImagePlugin
DEBUG 2026-04-18 12:14:46,136 Image 36473 135100591232704 Importing McIdasImagePlugin
DEBUG 2026-04-18 12:14:46,136 Image 36473 135100591232704 Importing MicImagePlugin
DEBUG 2026-04-18 12:14:46,137 Image 36473 135100591232704 Image: failed to import MicImagePlugin: No module named 'olefile'
DEBUG 2026-04-18 12:14:46,137 Image 36473 135100591232704 Importing MpegImagePlugin
DEBUG 2026-04-18 12:14:46,137 Image 36473 135100591232704 Importing MpoImagePlugin
DEBUG 2026-04-18 12:14:46,138 Image 36473 135100591232704 Importing MspImagePlugin
DEBUG 2026-04-18 12:14:46,138 Image 36473 135100591232704 Importing PalmImagePlugin
DEBUG 2026-04-18 12:14:46,139 Image 36473 135100591232704 Importing PcdImagePlugin
DEBUG 2026-04-18 12:14:46,139 Image 36473 135100591232704 Importing PcxImagePlugin
DEBUG 2026-04-18 12:14:46,139 Image 36473 135100591232704 Importing PdfImagePlugin
DEBUG 2026-04-18 12:14:46,142 Image 36473 135100591232704 Importing PixarImagePlugin
DEBUG 2026-04-18 12:14:46,142 Image 36473 135100591232704 Importing PngImagePlugin
DEBUG 2026-04-18 12:14:46,142 Image 36473 135100591232704 Importing PpmImagePlugin
DEBUG 2026-04-18 12:14:46,142 Image 36473 135100591232704 Importing PsdImagePlugin
DEBUG 2026-04-18 12:14:46,143 Image 36473 135100591232704 Importing QoiImagePlugin
DEBUG 2026-04-18 12:14:46,143 Image 36473 135100591232704 Importing SgiImagePlugin
DEBUG 2026-04-18 12:14:46,143 Image 36473 135100591232704 Importing SpiderImagePlugin
DEBUG 2026-04-18 12:14:46,143 Image 36473 135100591232704 Importing SunImagePlugin
DEBUG 2026-04-18 12:14:46,143 Image 36473 135100591232704 Importing TgaImagePlugin
DEBUG 2026-04-18 12:14:46,143 Image 36473 135100591232704 Importing TiffImagePlugin
DEBUG 2026-04-18 12:14:46,143 Image 36473 135100591232704 Importing WebPImagePlugin
DEBUG 2026-04-18 12:14:46,144 Image 36473 135100591232704 Importing WmfImagePlugin
DEBUG 2026-04-18 12:14:46,144 Image 36473 135100591232704 Importing XbmImagePlugin
DEBUG 2026-04-18 12:14:46,145 Image 36473 135100591232704 Importing XpmImagePlugin
DEBUG 2026-04-18 12:14:46,145 Image 36473 135100591232704 Importing XVThumbImagePlugin
